app/build/outputs/mapping/release/seeds.txt
com.fixgo.gestiapremium.LauncherActivity
com.fixgo.gestiapremium.DelegationService
com.fixgo.gestiapremium.Application
com.fixgo.gestiapremium.LauncherActivity: LauncherActivity()
com.fixgo.gestiapremium.Application: Application()
com.fixgo.gestiapremium.DelegationService: DelegationService()
...
com.google.androidbrowserhelper.trusted.ManageDataLauncherActivity
androidx.startup.InitializationProvider
androidx.activity.ComponentActivity$4
androidx.lifecycle.SavedStateHandleAttacher
androidx.activity.ImmLeaksCleaner
com.google.android.gms.common.annotation.KeepName
androidx.lifecycle.SavedStateHandlesVM
androidx.appcompat.view.menu.ListMenuItemView
androidx.lifecycle.SingleGeneratedAdapterObserver
androidx.core.app.RemoteActionCompat
androidx.emoji2.text.EmojiCompatInitializer$1
androidx.appcompat.view.menu.ExpandedMenuView
com.google.android.gms.common.api.internal.zzd
androidx.appcompat.widget.FitWindowsFrameLayout
androidx.appcompat.widget.ActionBarContextView
androidx.lifecycle.ProcessLifecycleOwner$attach$1
androidx.core.graphics.drawable.IconCompatParcelizer
com.google.android.gms.common.SupportErrorDialogFragment
com.google.android.gms.location.LocationAvailability
androidx.appcompat.widget.ActionBarContainer
androidx.appcompat.widget.DialogTitle
androidx.lifecycle.LegacySavedStateHandleController$OnRecreation
androidx.lifecycle.ReportFragment
androidx.appcompat.widget.ContentFrameLayout
androidx.browser.browseractions.BrowserActionsFallbackMenuView
androidx.versionedparcelable.CustomVersionedParcelable
androidx.appcompat.widget.ViewStubCompat
com.google.androidbrowserhelper.locationdelegation.PermissionRequestActivity
androidx.appcompat.app.AlertController$RecycleListView
androidx.savedstate.Recreator
com.google.android.gms.common.internal.ReflectedParcelable
androidx.lifecycle.CompositeGeneratedAdaptersObserver
androidx.lifecycle.LifecycleCoroutineScopeImpl
com.google.android.gms.location.LocationRequest
com.google.android.gms.common.api.internal.LifecycleCallback
androidx.core.app.RemoteActionCompatParcelizer
androidx.appcompat.widget.ActionMenuView
com.google.android.gms.common.api.internal.BasePendingResult
com.google.android.gms.common.GooglePlayServicesMissingManifestValueException
com.google.android.gms.common.api.Status
com.google.android.gms.common.ErrorDialogFragment
com.google.android.gms.common.api.internal.zzb
androidx.appcompat.widget.ButtonBarLayout
androidx.loader.app.LoaderManagerImpl$LoaderViewModel
androidx.appcompat.view.menu.ActionMenuItemView
androidx.appcompat.widget.Toolbar
com.google.androidbrowserhelper.trusted.NotificationPermissionRequestActivity
com.google.android.gms.common.GooglePlayServicesManifestException
androidx.lifecycle.DefaultLifecycleObserverAdapter
androidx.core.app.CoreComponentFactory
androidx.lifecycle.ReflectiveGenericLifecycleObserver
androidx.core.widget.NestedScrollView
androidx.lifecycle.ProcessLifecycleOwner$attach$1$onActivityPreCreated$1
androidx.profileinstaller.ProfileInstallerInitializer
androidx.fragment.app.Fragment$6
androidx.appcompat.widget.ActionBarOverlayLayout
com.google.android.gms.location.LocationResult
androidx.fragment.app.DialogFragment
androidx.lifecycle.Lifecycle$Event: androidx.lifecycle.Lifecycle$Event ON_CREATE
androidx.lifecycle.Lifecycle$Event: androidx.lifecycle.Lifecycle$Event ON_START
com.google.android.gms.common.api.Status: android.os.Parcelable$Creator CREATOR
androidx.lifecycle.Lifecycle$Event: androidx.lifecycle.Lifecycle$Event ON_ANY
com.google.android.gms.internal.location.zzg: android.os.Parcelable$Creator CREATOR
com.google.android.gms.common.internal.ConnectionTelemetryConfiguration: android.os.Parcelable$Creator CREATOR
androidx.lifecycle.ReportFragment$LifecycleCallbacks: androidx.lifecycle.ReportFragment$LifecycleCallbacks$Companion Companion
androidx.lifecycle.Lifecycle$Event: androidx.lifecycle.Lifecycle$Event ON_PAUSE
androidx.lifecycle.Lifecycle$Event: androidx.lifecycle.Lifecycle$Event ON_DESTROY
androidx.appcompat.widget.Toolbar$SavedState: android.os.Parcelable$Creator CREATOR
androidx.lifecycle.Lifecycle$Event: androidx.lifecycle.Lifecycle$Event[] $VALUES
com.google.android.gms.dynamite.DynamiteModule$DynamiteLoaderClassLoader: java.lang.ClassLoader sClassLoader