app/build/outputs/mapping/release/mapping.txt
# compiler: R8
# compiler_version: 8.9.32
# min_api: 21
# common_typos_disable
# {"id":"com.android.tools.r8.mapping","version":"2.2"}
# pg_map_id: a7e3e6f
# pg_map_hash: SHA-256 a7e3e6f247bbfc3148da809b0422a73b4364597bad45a34538427937daca3832
com.fixgo.gestiapremium.Application -> com.fixgo.gestiapremium.Application:
# {"id":"sourceFile","fileName":"Application.java"}
    1:4:void <init>():20:20 -> <init>
    1:4:void onCreate():26:26 -> onCreate
com.fixgo.gestiapremium.DelegationService -> com.fixgo.gestiapremium.DelegationService:
# {"id":"sourceFile","fileName":"DelegationService.java"}
    1:4:void <init>():7:7 -> <init>
    1:3:void onCreate():11:11 -> onCreate
    4:12:void onCreate():14:14 -> onCreate
com.fixgo.gestiapremium.LauncherActivity -> com.fixgo.gestiapremium.LauncherActivity:
# {"id":"sourceFile","fileName":"LauncherActivity.java"}
    1:4:void <init>():29:29 -> <init>
    1:5:android.net.Uri getLaunchingUrl():59:59 -> i
    1:5:java.util.Map getProtocolHandlers():36:36 -> j
    6:17:java.util.Map getProtocolHandlers():37:37 -> j
    1:3:void onCreate(android.os.Bundle):44:44 -> onCreate
    4:11:void onCreate(android.os.Bundle):49:49 -> onCreate
    12:16:void onCreate(android.os.Bundle):50:50 -> onCreate
    17:20:void onCreate(android.os.Bundle):52:52 -> onCreate
...
com.google.android.gms.common.api.internal.zact -> Q.A:
# {"id":"sourceFile","fileName":"com.google.android.gms:play-services-base@@18.1.0"}
    android.content.Context zab -> e
    android.os.Handler zac -> f
    com.google.android.gms.common.api.Api$AbstractClientBuilder zad -> g
      # {"id":"com.android.tools.r8.residualsignature","signature":"LP/a$a;"}
    java.util.Set zae -> h
    com.google.android.gms.common.internal.ClientSettings zaf -> i
      # {"id":"com.android.tools.r8.residualsignature","signature":"LR/e;"}
    com.google.android.gms.signin.zae zag -> j
      # {"id":"com.android.tools.r8.residualsignature","signature":"Le0/e;"}
    com.google.android.gms.common.api.internal.zacs zah -> k
      # {"id":"com.android.tools.r8.residualsignature","signature":"LQ/z;"}
    com.google.android.gms.common.api.Api$AbstractClientBuilder zaa -> l
      # {"id":"com.android.tools.r8.residualsignature","signature":"LP/a$a;"}
    1:5:void <clinit>():1:1 -> <clinit>
    1:11:void <init>(android.content.Context,android.os.Handler,com.google.android.gms.common.internal.ClientSettings):1:1 -> <init>
      # {"id":"com.android.tools.r8.residualsignature","signature":"(Landroid/content/Context;Landroid/os/Handler;LR/e;)V"}
    12:28:void <init>(android.content.Context,android.os.Handler,com.google.android.gms.common.internal.ClientSettings):2:2 -> <init>
    1:11:void zab(com.google.android.gms.signin.internal.zak):1:1 -> C
com.google.android.gms.common.api.internal.zacv -> com.google.android.gms.common.api.internal.z:
# {"id":"sourceFile","fileName":"com.google.android.gms:play-services-base@@18.1.0"}
    com.google.android.gms.common.api.internal.TaskApiCall$Builder zaa -> d
      # {"id":"com.android.tools.r8.residualsignature","signature":"Lcom/google/android/gms/common/api/internal/g$a;"}
    1:6:void <init>(com.google.android.gms.common.api.internal.TaskApiCall$Builder,com.google.android.gms.common.Feature[],boolean,int):1:1 -> <init>
      # {"id":"com.android.tools.r8.residualsignature","signature":"(Lcom/google/android/gms/common/api/internal/g$a;[LO/c;ZI)V"}
    1:10:void doExecute(com.google.android.gms.common.api.Api$AnyClient,com.google.android.gms.tasks.TaskCompletionSource):1:1 -> b
      # {"id":"com.android.tools.r8.residualsignature","signature":"(LP/a$b;Lg0/f;)V"}
com.google.android.gms.common.api.internal.zacw -> Q.B:
# {"id":"sourceFile","fileName":"com.google.android.gms:play-services-base@@18.1.0"}
com.google.android.gms.common.api.internal.zad -> com.google.android.gms.common.api.internal.A:
# {"id":"sourceFile","fileName":"com.google.android.gms:play-services-base@@18.1.0"}
    com.google.android.gms.tasks.TaskCompletionSource zaa -> b
      # {"id":"com.android.tools.r8.residualsignature","signature":"Lg0/f;"}
    1:6:void <init>(int,com.google.android.gms.tasks.TaskCompletionSource):1:1 -> <init>
      # {"id":"com.android.tools.r8.residualsignature","signature":"(ILg0/f;)V"}
    1:11:void zad(com.google.android.gms.common.api.Status):1:1 -> a
    1:6:void zae(java.lang.Exception):1:1 -> b
    1:5:void zaf(com.google.android.gms.common.api.internal.zabq):1:1 -> c
      # {"id":"com.android.tools.r8.residualsignature","signature":"(Lcom/google/android/gms/common/api/internal/q;)V"}
    6:7:void zaf(com.google.android.gms.common.api.internal.zabq):3:3 -> c
    8:12:void zaf(com.google.android.gms.common.api.internal.zabq):2:2 -> c
    13:21:void zaf(com.google.android.gms.common.api.internal.zabq):3:3 -> c
    22:28:void zaf(com.google.android.gms.common.api.internal.zabq):4:4 -> c
    29:29:void zaf(com.google.android.gms.common.api.internal.zabq):5:5 -> c
    void zac(com.google.android.gms.common.api.internal.zabq) -> h
      # {"id":"com.android.tools.r8.residualsignature","signature":"(Lcom/google/android/gms/common/api/internal/q;)V"}